<?xml version="1.0" encoding="UTF-8"?>
<!-- Generated by org.testng.reporters.JUnitXMLReporter -->
<testsuite hostname="Mahady" ignored="5" name="Smoke Test" tests="1" failures="1" timestamp="2020-06-04T15:44:53 EDT" time="24.173" errors="0">
  <testcase name="validAdminLogin" time="7.295" classname="com.hrms.testcases.LoginTest">
    <failure type="java.lang.AssertionError" message="Admin is NOT Logged in expected [Welcome Admins] but found [Welcome Admin]">
      <![CDATA[java.lang.AssertionError: Admin is NOT Logged in expected [Welcome Admins] but found [Welcome Admin]
at com.hrms.testcases.LoginTest.validAdminLogin(LoginTest.java:26)
at java.util.ArrayList.forEach(ArrayList.java:1257)
... Removed 31 stack frames]]>
    </failure>
  </testcase> <!-- validAdminLogin -->
  <testcase name="@BeforeTest generateReport" time="0.0" classname="com.hrms.testbase.BaseClass">
    <ignored/>
  </testcase> <!-- @BeforeTest generateReport -->
  <testcase name="addEmployee" time="0.0" classname="com.hrms.testcases.AddEmployeeTest">
    <ignored/>
  </testcase> <!-- addEmployee -->
  <testcase name="@AfterTest writeReport" time="0.0" classname="com.hrms.testbase.BaseClass">
    <ignored/>
  </testcase> <!-- @AfterTest writeReport -->
  <testcase name="invalidPasswordLogin" time="0.0" classname="com.hrms.testcases.LoginTest">
    <ignored/>
  </testcase> <!-- invalidPasswordLogin -->
  <testcase name="emptyUsernameLogin" time="0.0" classname="com.hrms.testcases.LoginTest">
    <ignored/>
  </testcase> <!-- emptyUsernameLogin -->
</testsuite> <!-- Smoke Test -->
